Analysis & Synthesis report for ECE385_FinalProj
Wed Apr 17 10:37:40 2019
Quartus Prime Version 18.0.0 Build 614 04/24/2018 SJ Lite Edition


---------------------
; Table of Contents ;
---------------------
  1. Legal Notice
  2. Analysis & Synthesis Summary
  3. Analysis & Synthesis Settings
  4. Parallel Compilation
  5. Analysis & Synthesis Source Files Read
  6. Analysis & Synthesis Resource Usage Summary
  7. Analysis & Synthesis Resource Utilization by Entity
  8. State Machine - |toplevel|music_statemachine:msm|current
  9. State Machine - |toplevel|music_statemachine:msm|data_reader:dr|out
 10. State Machine - |toplevel|music_statemachine:msm|audio_interface:audint|state
 11. Registers Removed During Synthesis
 12. Removed Registers Triggering Further Register Optimizations
 13. General Register Statistics
 14. Inverted Register Statistics
 15. Multiplexer Restructuring Statistics (Restructuring Performed)
 16. Port Connectivity Checks: "HexDriver:hex_inst_1"
 17. Port Connectivity Checks: "HexDriver:hex_inst_0"
 18. Port Connectivity Checks: "music_statemachine:msm|data_reader:dr"
 19. Port Connectivity Checks: "music_statemachine:msm|audio_interface:audint"
 20. Port Connectivity Checks: "music_statemachine:msm"
 21. Post-Synthesis Netlist Statistics for Top Partition
 22. Elapsed Time Per Partition
 23. Analysis & Synthesis Messages
 24. Analysis & Synthesis Suppressed Messages



----------------
; Legal Notice ;
----------------
Copyright (C) 2018  Intel Corporation. All rights reserved.
Your use of Intel Corporation's design tools, logic functions 
and other software and tools, and its AMPP partner logic 
functions, and any output files from any of the foregoing 
(including device programming or simulation files), and any 
associated documentation or information are expressly subject 
to the terms and conditions of the Intel Program License 
Subscription Agreement, the Intel Quartus Prime License Agreement,
the Intel FPGA IP License Agreement, or other applicable license
agreement, including, without limitation, that your use is for
the sole purpose of programming logic devices manufactured by
Intel and sold by Intel or its authorized distributors.  Please
refer to the applicable agreement for further details.



+----------------------------------------------------------------------------------+
; Analysis & Synthesis Summary                                                     ;
+------------------------------------+---------------------------------------------+
; Analysis & Synthesis Status        ; Successful - Wed Apr 17 10:37:40 2019       ;
; Quartus Prime Version              ; 18.0.0 Build 614 04/24/2018 SJ Lite Edition ;
; Revision Name                      ; ECE385_FinalProj                            ;
; Top-level Entity Name              ; toplevel                                    ;
; Family                             ; Cyclone IV E                                ;
; Total logic elements               ; 138                                         ;
;     Total combinational functions  ; 106                                         ;
;     Dedicated logic registers      ; 88                                          ;
; Total registers                    ; 88                                          ;
; Total pins                         ; 27                                          ;
; Total virtual pins                 ; 0                                           ;
; Total memory bits                  ; 0                                           ;
; Embedded Multiplier 9-bit elements ; 0                                           ;
; Total PLLs                         ; 0                                           ;
+------------------------------------+---------------------------------------------+


+------------------------------------------------------------------------------------------------------------+
; Analysis & Synthesis Settings                                                                              ;
+------------------------------------------------------------------+--------------------+--------------------+
; Option                                                           ; Setting            ; Default Value      ;
+------------------------------------------------------------------+--------------------+--------------------+
; Device                                                           ; EP4CE115F29C7      ;                    ;
; Top-level entity name                                            ; toplevel           ; ECE385_FinalProj   ;
; Family name                                                      ; Cyclone IV E       ; Cyclone V          ;
; Use smart compilation                                            ; Off                ; Off                ;
; Enable parallel Assembler and Timing Analyzer during compilation ; On                 ; On                 ;
; Enable compact report table                                      ; Off                ; Off                ;
; Restructure Multiplexers                                         ; Auto               ; Auto               ;
; Create Debugging Nodes for IP Cores                              ; Off                ; Off                ;
; Preserve fewer node names                                        ; On                 ; On                 ;
; Intel FPGA IP Evaluation Mode                                    ; Enable             ; Enable             ;
; Verilog Version                                                  ; Verilog_2001       ; Verilog_2001       ;
; VHDL Version                                                     ; VHDL_1993          ; VHDL_1993          ;
; State Machine Processing                                         ; Auto               ; Auto               ;
; Safe State Machine                                               ; Off                ; Off                ;
; Extract Verilog State Machines                                   ; On                 ; On                 ;
; Extract VHDL State Machines                                      ; On                 ; On                 ;
; Ignore Verilog initial constructs                                ; Off                ; Off                ;
; Iteration limit for constant Verilog loops                       ; 5000               ; 5000               ;
; Iteration limit for non-constant Verilog loops                   ; 250                ; 250                ;
; Add Pass-Through Logic to Inferred RAMs                          ; On                 ; On                 ;
; Infer RAMs from Raw Logic                                        ; On                 ; On                 ;
; Parallel Synthesis                                               ; On                 ; On                 ;
; DSP Block Balancing                                              ; Auto               ; Auto               ;
; NOT Gate Push-Back                                               ; On                 ; On                 ;
; Power-Up Don't Care                                              ; On                 ; On                 ;
; Remove Redundant Logic Cells                                     ; Off                ; Off                ;
; Remove Duplicate Registers                                       ; On                 ; On                 ;
; Ignore CARRY Buffers                                             ; Off                ; Off                ;
; Ignore CASCADE Buffers                                           ; Off                ; Off                ;
; Ignore GLOBAL Buffers                                            ; Off                ; Off                ;
; Ignore ROW GLOBAL Buffers                                        ; Off                ; Off                ;
; Ignore LCELL Buffers                                             ; Off                ; Off                ;
; Ignore SOFT Buffers                                              ; On                 ; On                 ;
; Limit AHDL Integers to 32 Bits                                   ; Off                ; Off                ;
; Optimization Technique                                           ; Balanced           ; Balanced           ;
; Carry Chain Length                                               ; 70                 ; 70                 ;
; Auto Carry Chains                                                ; On                 ; On                 ;
; Auto Open-Drain Pins                                             ; On                 ; On                 ;
; Perform WYSIWYG Primitive Resynthesis                            ; Off                ; Off                ;
; Auto ROM Replacement                                             ; On                 ; On                 ;
; Auto RAM Replacement                                             ; On                 ; On                 ;
; Auto DSP Block Replacement                                       ; On                 ; On                 ;
; Auto Shift Register Replacement                                  ; Auto               ; Auto               ;
; Allow Shift Register Merging across Hierarchies                  ; Auto               ; Auto               ;
; Auto Clock Enable Replacement                                    ; On                 ; On                 ;
; Strict RAM Replacement                                           ; Off                ; Off                ;
; Allow Synchronous Control Signals                                ; On                 ; On                 ;
; Force Use of Synchronous Clear Signals                           ; Off                ; Off                ;
; Auto RAM Block Balancing                                         ; On                 ; On                 ;
; Auto RAM to Logic Cell Conversion                                ; Off                ; Off                ;
; Auto Resource Sharing                                            ; Off                ; Off                ;
; Allow Any RAM Size For Recognition                               ; Off                ; Off                ;
; Allow Any ROM Size For Recognition                               ; Off                ; Off                ;
; Allow Any Shift Register Size For Recognition                    ; Off                ; Off                ;
; Use LogicLock Constraints during Resource Balancing              ; On                 ; On                 ;
; Ignore translate_off and synthesis_off directives                ; Off                ; Off                ;
; Timing-Driven Synthesis                                          ; On                 ; On                 ;
; Report Parameter Settings                                        ; On                 ; On                 ;
; Report Source Assignments                                        ; On                 ; On                 ;
; Report Connectivity Checks                                       ; On                 ; On                 ;
; Ignore Maximum Fan-Out Assignments                               ; Off                ; Off                ;
; Synchronization Register Chain Length                            ; 2                  ; 2                  ;
; Power Optimization During Synthesis                              ; Normal compilation ; Normal compilation ;
; HDL message level                                                ; Level2             ; Level2             ;
; Suppress Register Optimization Related Messages                  ; Off                ; Off                ;
; Number of Removed Registers Reported in Synthesis Report         ; 5000               ; 5000               ;
; Number of Swept Nodes Reported in Synthesis Report               ; 5000               ; 5000               ;
; Number of Inverted Registers Reported in Synthesis Report        ; 100                ; 100                ;
; Clock MUX Protection                                             ; On                 ; On                 ;
; Auto Gated Clock Conversion                                      ; Off                ; Off                ;
; Block Design Naming                                              ; Auto               ; Auto               ;
; SDC constraint protection                                        ; Off                ; Off                ;
; Synthesis Effort                                                 ; Auto               ; Auto               ;
; Shift Register Replacement - Allow Asynchronous Clear Signal     ; On                 ; On                 ;
; Pre-Mapping Resynthesis Optimization                             ; Off                ; Off                ;
; Analysis & Synthesis Message Level                               ; Medium             ; Medium             ;
; Disable Register Merging Across Hierarchies                      ; Auto               ; Auto               ;
; Resource Aware Inference For Block RAM                           ; On                 ; On                 ;
+------------------------------------------------------------------+--------------------+--------------------+


+------------------------------------------+
; Parallel Compilation                     ;
+----------------------------+-------------+
; Processors                 ; Number      ;
+----------------------------+-------------+
; Number detected on machine ; 4           ;
; Maximum allowed            ; 2           ;
;                            ;             ;
; Average used               ; 1.00        ;
; Maximum used               ; 2           ;
;                            ;             ;
; Usage by Processor         ; % Time Used ;
;     Processor 1            ; 100.0%      ;
;     Processor 2            ;   0.0%      ;
+----------------------------+-------------+


+-------------------------------------------------------------------------------------------------------------------------------------------------------------+
; Analysis & Synthesis Source Files Read                                                                                                                      ;
+----------------------------------+-----------------+------------------------------+---------------------------------------------------------------+---------+
; File Name with User-Entered Path ; Used in Netlist ; File Type                    ; File Name with Absolute Path                                  ; Library ;
+----------------------------------+-----------------+------------------------------+---------------------------------------------------------------+---------+
; HexDriver.sv                     ; yes             ; User SystemVerilog HDL File  ; C:/intelFPGA_lite/18.0/ECE385_FinalProj/HexDriver.sv          ;         ;
; toplevel.sv                      ; yes             ; User SystemVerilog HDL File  ; C:/intelFPGA_lite/18.0/ECE385_FinalProj/toplevel.sv           ;         ;
; music_statemachine.sv            ; yes             ; User SystemVerilog HDL File  ; C:/intelFPGA_lite/18.0/ECE385_FinalProj/music_statemachine.sv ;         ;
; music_modules.sv                 ; yes             ; User SystemVerilog HDL File  ; C:/intelFPGA_lite/18.0/ECE385_FinalProj/music_modules.sv      ;         ;
; audio_interface.vhd              ; yes             ; User VHDL File               ; C:/intelFPGA_lite/18.0/ECE385_FinalProj/audio_interface.vhd   ;         ;
+----------------------------------+-----------------+------------------------------+---------------------------------------------------------------+---------+


+-------------------------------------------------------+
; Analysis & Synthesis Resource Usage Summary           ;
+---------------------------------------------+---------+
; Resource                                    ; Usage   ;
+---------------------------------------------+---------+
; Estimated Total logic elements              ; 138     ;
;                                             ;         ;
; Total combinational functions               ; 106     ;
; Logic element usage by number of LUT inputs ;         ;
;     -- 4 input functions                    ; 43      ;
;     -- 3 input functions                    ; 19      ;
;     -- <=2 input functions                  ; 44      ;
;                                             ;         ;
; Logic elements by mode                      ;         ;
;     -- normal mode                          ; 79      ;
;     -- arithmetic mode                      ; 27      ;
;                                             ;         ;
; Total registers                             ; 88      ;
;     -- Dedicated logic registers            ; 88      ;
;     -- I/O registers                        ; 0       ;
;                                             ;         ;
; I/O pins                                    ; 27      ;
;                                             ;         ;
; Embedded Multiplier 9-bit elements          ; 0       ;
;                                             ;         ;
; Maximum fan-out node                        ; Reset_h ;
; Maximum fan-out                             ; 87      ;
; Total fan-out                               ; 645     ;
; Average fan-out                             ; 2.60    ;
+---------------------------------------------+---------+


+---------------------------------------------------------------------------------------------------------------------------------------------------------------------------------------------------------------------------------------------------------+
; Analysis & Synthesis Resource Utilization by Entity                                                                                                                                                                                                     ;
+--------------------------------+---------------------+---------------------------+-------------+--------------+---------+-----------+------+--------------+---------------------------------------------------------+--------------------+--------------+
; Compilation Hierarchy Node     ; Combinational ALUTs ; Dedicated Logic Registers ; Memory Bits ; DSP Elements ; DSP 9x9 ; DSP 18x18 ; Pins ; Virtual Pins ; Full Hierarchy Name                                     ; Entity Name        ; Library Name ;
+--------------------------------+---------------------+---------------------------+-------------+--------------+---------+-----------+------+--------------+---------------------------------------------------------+--------------------+--------------+
; |toplevel                      ; 106 (1)             ; 88 (1)                    ; 0           ; 0            ; 0       ; 0         ; 27   ; 0            ; |toplevel                                               ; toplevel           ; work         ;
;    |HexDriver:hex_inst_0|      ; 7 (7)               ; 0 (0)                     ; 0           ; 0            ; 0       ; 0         ; 0    ; 0            ; |toplevel|HexDriver:hex_inst_0                          ; HexDriver          ; work         ;
;    |music_statemachine:msm|    ; 98 (15)             ; 87 (11)                   ; 0           ; 0            ; 0       ; 0         ; 0    ; 0            ; |toplevel|music_statemachine:msm                        ; music_statemachine ; work         ;
;       |audio_interface:audint| ; 60 (60)             ; 58 (58)                   ; 0           ; 0            ; 0       ; 0         ; 0    ; 0            ; |toplevel|music_statemachine:msm|audio_interface:audint ; audio_interface    ; work         ;
;       |data_reader:dr|         ; 23 (23)             ; 18 (18)                   ; 0           ; 0            ; 0       ; 0         ; 0    ; 0            ; |toplevel|music_statemachine:msm|data_reader:dr         ; data_reader        ; work         ;
+--------------------------------+---------------------+---------------------------+-------------+--------------+---------+-----------+------+--------------+---------------------------------------------------------+--------------------+--------------+
Note: For table entries with two numbers listed, the numbers in parentheses indicate the number of resources of the given type used by the specific entity alone. The numbers listed outside of parentheses indicate the total resources of the given type used by the specific entity and all of its sub-entities in the hierarchy.


Encoding Type:  One-Hot
+----------------------------------------------------------------------------------------------------------------------------------------------+
; State Machine - |toplevel|music_statemachine:msm|current                                                                                     ;
+-------------------+--------------+------------------+-------------+-------------------+-------------------+-------------------+--------------+
; Name              ; current.DONE ; current.DAC_DONE ; current.DAC ; current.DAC_START ; current.INIT_DONE ; current.INIT_WAIT ; current.INIT ;
+-------------------+--------------+------------------+-------------+-------------------+-------------------+-------------------+--------------+
; current.INIT      ; 0            ; 0                ; 0           ; 0                 ; 0                 ; 0                 ; 0            ;
; current.INIT_WAIT ; 0            ; 0                ; 0           ; 0                 ; 0                 ; 1                 ; 1            ;
; current.INIT_DONE ; 0            ; 0                ; 0           ; 0                 ; 1                 ; 0                 ; 1            ;
; current.DAC_START ; 0            ; 0                ; 0           ; 1                 ; 0                 ; 0                 ; 1            ;
; current.DAC       ; 0            ; 0                ; 1           ; 0                 ; 0                 ; 0                 ; 1            ;
; current.DAC_DONE  ; 0            ; 1                ; 0           ; 0                 ; 0                 ; 0                 ; 1            ;
; current.DONE      ; 1            ; 0                ; 0           ; 0                 ; 0                 ; 0                 ; 1            ;
+-------------------+--------------+------------------+-------------+-------------------+-------------------+-------------------+--------------+


Encoding Type:  One-Hot
+---------------------------------------------------------------------+
; State Machine - |toplevel|music_statemachine:msm|data_reader:dr|out ;
+----------------------+----------------------------------------------+
; Name                 ; out.0111111111111111                         ;
+----------------------+----------------------------------------------+
; out.0000000000000000 ; 0                                            ;
; out.0111111111111111 ; 1                                            ;
+----------------------+----------------------------------------------+


Encoding Type:  One-Hot
+-------------------------------------------------------------------------------------------------------------------------------------------------------------------------------------------------------------------------------------------------------------------------------------------------------------------------------------------------------------------------------------------------------------------+
; State Machine - |toplevel|music_statemachine:msm|audio_interface:audint|state                                                                                                                                                                                                                                                                                                                                     ;
+------------------+-------------+---------------+---------------+-------------+----------+----------+----------+----------+----------+----------+----------+----------+-------------+----------+----------+----------+----------+----------+----------+----------+----------+-------------+----------+----------+----------+----------+----------+----------+----------+----------+-------------+------------------+
; Name             ; state.b_end ; state.b_stop1 ; state.b_stop0 ; state.d_ack ; state.d7 ; state.d6 ; state.d5 ; state.d4 ; state.d3 ; state.d2 ; state.d1 ; state.d0 ; state.a_ack ; state.a7 ; state.a6 ; state.a5 ; state.a4 ; state.a3 ; state.a2 ; state.a1 ; state.a0 ; state.b_ack ; state.b7 ; state.b6 ; state.b5 ; state.b4 ; state.b3 ; state.b2 ; state.b1 ; state.b0 ; state.start ; state.initialize ;
+------------------+-------------+---------------+---------------+-------------+----------+----------+----------+----------+----------+----------+----------+----------+-------------+----------+----------+----------+----------+----------+----------+----------+----------+-------------+----------+----------+----------+----------+----------+----------+----------+----------+-------------+------------------+
; state.initialize ; 0           ; 0             ; 0             ; 0           ; 0        ; 0        ; 0        ; 0        ; 0        ; 0        ; 0        ; 0        ; 0           ; 0        ; 0        ; 0        ; 0        ; 0        ; 0        ; 0        ; 0        ; 0           ; 0        ; 0        ; 0        ; 0        ; 0        ; 0        ; 0        ; 0        ; 0           ; 0                ;
; state.start      ; 0           ; 0             ; 0             ; 0           ; 0        ; 0        ; 0        ; 0        ; 0        ; 0        ; 0        ; 0        ; 0           ; 0        ; 0        ; 0        ; 0        ; 0        ; 0        ; 0        ; 0        ; 0           ; 0        ; 0        ; 0        ; 0        ; 0        ; 0        ; 0        ; 0        ; 1           ; 1                ;
; state.b0         ; 0           ; 0             ; 0             ; 0           ; 0        ; 0        ; 0        ; 0        ; 0        ; 0        ; 0        ; 0        ; 0           ; 0        ; 0        ; 0        ; 0        ; 0        ; 0        ; 0        ; 0        ; 0           ; 0        ; 0        ; 0        ; 0        ; 0        ; 0        ; 0        ; 1        ; 0           ; 1                ;
; state.b1         ; 0           ; 0             ; 0             ; 0           ; 0        ; 0        ; 0        ; 0        ; 0        ; 0        ; 0        ; 0        ; 0           ; 0        ; 0        ; 0        ; 0        ; 0        ; 0        ; 0        ; 0        ; 0           ; 0        ; 0        ; 0        ; 0        ; 0        ; 0        ; 1        ; 0        ; 0           ; 1                ;
; state.b2         ; 0           ; 0             ; 0             ; 0           ; 0        ; 0        ; 0        ; 0        ; 0        ; 0        ; 0        ; 0        ; 0           ; 0        ; 0        ; 0        ; 0        ; 0        ; 0        ; 0        ; 0        ; 0           ; 0        ; 0        ; 0        ; 0        ; 0        ; 1        ; 0        ; 0        ; 0           ; 1                ;
; state.b3         ; 0           ; 0             ; 0             ; 0           ; 0        ; 0        ; 0        ; 0        ; 0        ; 0        ; 0        ; 0        ; 0           ; 0        ; 0        ; 0        ; 0        ; 0        ; 0        ; 0        ; 0        ; 0           ; 0        ; 0        ; 0        ; 0        ; 1        ; 0        ; 0        ; 0        ; 0           ; 1                ;
; state.b4         ; 0           ; 0             ; 0             ; 0           ; 0        ; 0        ; 0        ; 0        ; 0        ; 0        ; 0        ; 0        ; 0           ; 0        ; 0        ; 0        ; 0        ; 0        ; 0        ; 0        ; 0        ; 0           ; 0        ; 0        ; 0        ; 1        ; 0        ; 0        ; 0        ; 0        ; 0           ; 1                ;
; state.b5         ; 0           ; 0             ; 0             ; 0           ; 0        ; 0        ; 0        ; 0        ; 0        ; 0        ; 0        ; 0        ; 0           ; 0        ; 0        ; 0        ; 0        ; 0        ; 0        ; 0        ; 0        ; 0           ; 0        ; 0        ; 1        ; 0        ; 0        ; 0        ; 0        ; 0        ; 0           ; 1                ;
; state.b6         ; 0           ; 0             ; 0             ; 0           ; 0        ; 0        ; 0        ; 0        ; 0        ; 0        ; 0        ; 0        ; 0           ; 0        ; 0        ; 0        ; 0        ; 0        ; 0        ; 0        ; 0        ; 0           ; 0        ; 1        ; 0        ; 0        ; 0        ; 0        ; 0        ; 0        ; 0           ; 1                ;
; state.b7         ; 0           ; 0             ; 0             ; 0           ; 0        ; 0        ; 0        ; 0        ; 0        ; 0        ; 0        ; 0        ; 0           ; 0        ; 0        ; 0        ; 0        ; 0        ; 0        ; 0        ; 0        ; 0           ; 1        ; 0        ; 0        ; 0        ; 0        ; 0        ; 0        ; 0        ; 0           ; 1                ;
; state.b_ack      ; 0           ; 0             ; 0             ; 0           ; 0        ; 0        ; 0        ; 0        ; 0        ; 0        ; 0        ; 0        ; 0           ; 0        ; 0        ; 0        ; 0        ; 0        ; 0        ; 0        ; 0        ; 1           ; 0        ; 0        ; 0        ; 0        ; 0        ; 0        ; 0        ; 0        ; 0           ; 1                ;
; state.a0         ; 0           ; 0             ; 0             ; 0           ; 0        ; 0        ; 0        ; 0        ; 0        ; 0        ; 0        ; 0        ; 0           ; 0        ; 0        ; 0        ; 0        ; 0        ; 0        ; 0        ; 1        ; 0           ; 0        ; 0        ; 0        ; 0        ; 0        ; 0        ; 0        ; 0        ; 0           ; 1                ;
; state.a1         ; 0           ; 0             ; 0             ; 0           ; 0        ; 0        ; 0        ; 0        ; 0        ; 0        ; 0        ; 0        ; 0           ; 0        ; 0        ; 0        ; 0        ; 0        ; 0        ; 1        ; 0        ; 0           ; 0        ; 0        ; 0        ; 0        ; 0        ; 0        ; 0        ; 0        ; 0           ; 1                ;
; state.a2         ; 0           ; 0             ; 0             ; 0           ; 0        ; 0        ; 0        ; 0        ; 0        ; 0        ; 0        ; 0        ; 0           ; 0        ; 0        ; 0        ; 0        ; 0        ; 1        ; 0        ; 0        ; 0           ; 0        ; 0        ; 0        ; 0        ; 0        ; 0        ; 0        ; 0        ; 0           ; 1                ;
; state.a3         ; 0           ; 0             ; 0             ; 0           ; 0        ; 0        ; 0        ; 0        ; 0        ; 0        ; 0        ; 0        ; 0           ; 0        ; 0        ; 0        ; 0        ; 1        ; 0        ; 0        ; 0        ; 0           ; 0        ; 0        ; 0        ; 0        ; 0        ; 0        ; 0        ; 0        ; 0           ; 1                ;
; state.a4         ; 0           ; 0             ; 0             ; 0           ; 0        ; 0        ; 0        ; 0        ; 0        ; 0        ; 0        ; 0        ; 0           ; 0        ; 0        ; 0        ; 1        ; 0        ; 0        ; 0        ; 0        ; 0           ; 0        ; 0        ; 0        ; 0        ; 0        ; 0        ; 0        ; 0        ; 0           ; 1                ;
; state.a5         ; 0           ; 0             ; 0             ; 0           ; 0        ; 0        ; 0        ; 0        ; 0        ; 0        ; 0        ; 0        ; 0           ; 0        ; 0        ; 1        ; 0        ; 0        ; 0        ; 0        ; 0        ; 0           ; 0        ; 0        ; 0        ; 0        ; 0        ; 0        ; 0        ; 0        ; 0           ; 1                ;
; state.a6         ; 0           ; 0             ; 0             ; 0           ; 0        ; 0        ; 0        ; 0        ; 0        ; 0        ; 0        ; 0        ; 0           ; 0        ; 1        ; 0        ; 0        ; 0        ; 0        ; 0        ; 0        ; 0           ; 0        ; 0        ; 0        ; 0        ; 0        ; 0        ; 0        ; 0        ; 0           ; 1                ;
; state.a7         ; 0           ; 0             ; 0             ; 0           ; 0        ; 0        ; 0        ; 0        ; 0        ; 0        ; 0        ; 0        ; 0           ; 1        ; 0        ; 0        ; 0        ; 0        ; 0        ; 0        ; 0        ; 0           ; 0        ; 0        ; 0        ; 0        ; 0        ; 0        ; 0        ; 0        ; 0           ; 1                ;
; state.a_ack      ; 0           ; 0             ; 0             ; 0           ; 0        ; 0        ; 0        ; 0        ; 0        ; 0        ; 0        ; 0        ; 1           ; 0        ; 0        ; 0        ; 0        ; 0        ; 0        ; 0        ; 0        ; 0           ; 0        ; 0        ; 0        ; 0        ; 0        ; 0        ; 0        ; 0        ; 0           ; 1                ;
; state.d0         ; 0           ; 0             ; 0             ; 0           ; 0        ; 0        ; 0        ; 0        ; 0        ; 0        ; 0        ; 1        ; 0           ; 0        ; 0        ; 0        ; 0        ; 0        ; 0        ; 0        ; 0        ; 0           ; 0        ; 0        ; 0        ; 0        ; 0        ; 0        ; 0        ; 0        ; 0           ; 1                ;
; state.d1         ; 0           ; 0             ; 0             ; 0           ; 0        ; 0        ; 0        ; 0        ; 0        ; 0        ; 1        ; 0        ; 0           ; 0        ; 0        ; 0        ; 0        ; 0        ; 0        ; 0        ; 0        ; 0           ; 0        ; 0        ; 0        ; 0        ; 0        ; 0        ; 0        ; 0        ; 0           ; 1                ;
; state.d2         ; 0           ; 0             ; 0             ; 0           ; 0        ; 0        ; 0        ; 0        ; 0        ; 1        ; 0        ; 0        ; 0           ; 0        ; 0        ; 0        ; 0        ; 0        ; 0        ; 0        ; 0        ; 0           ; 0        ; 0        ; 0        ; 0        ; 0        ; 0        ; 0        ; 0        ; 0           ; 1                ;
; state.d3         ; 0           ; 0             ; 0             ; 0           ; 0        ; 0        ; 0        ; 0        ; 1        ; 0        ; 0        ; 0        ; 0           ; 0        ; 0        ; 0        ; 0        ; 0        ; 0        ; 0        ; 0        ; 0           ; 0        ; 0        ; 0        ; 0        ; 0        ; 0        ; 0        ; 0        ; 0           ; 1                ;
; state.d4         ; 0           ; 0             ; 0             ; 0           ; 0        ; 0        ; 0        ; 1        ; 0        ; 0        ; 0        ; 0        ; 0           ; 0        ; 0        ; 0        ; 0        ; 0        ; 0        ; 0        ; 0        ; 0           ; 0        ; 0        ; 0        ; 0        ; 0        ; 0        ; 0        ; 0        ; 0           ; 1                ;
; state.d5         ; 0           ; 0             ; 0             ; 0           ; 0        ; 0        ; 1        ; 0        ; 0        ; 0        ; 0        ; 0        ; 0           ; 0        ; 0        ; 0        ; 0        ; 0        ; 0        ; 0        ; 0        ; 0           ; 0        ; 0        ; 0        ; 0        ; 0        ; 0        ; 0        ; 0        ; 0           ; 1                ;
; state.d6         ; 0           ; 0             ; 0             ; 0           ; 0        ; 1        ; 0        ; 0        ; 0        ; 0        ; 0        ; 0        ; 0           ; 0        ; 0        ; 0        ; 0        ; 0        ; 0        ; 0        ; 0        ; 0           ; 0        ; 0        ; 0        ; 0        ; 0        ; 0        ; 0        ; 0        ; 0           ; 1                ;
; state.d7         ; 0           ; 0             ; 0             ; 0           ; 1        ; 0        ; 0        ; 0        ; 0        ; 0        ; 0        ; 0        ; 0           ; 0        ; 0        ; 0        ; 0        ; 0        ; 0        ; 0        ; 0        ; 0           ; 0        ; 0        ; 0        ; 0        ; 0        ; 0        ; 0        ; 0        ; 0           ; 1                ;
; state.d_ack      ; 0           ; 0             ; 0             ; 1           ; 0        ; 0        ; 0        ; 0        ; 0        ; 0        ; 0        ; 0        ; 0           ; 0        ; 0        ; 0        ; 0        ; 0        ; 0        ; 0        ; 0        ; 0           ; 0        ; 0        ; 0        ; 0        ; 0        ; 0        ; 0        ; 0        ; 0           ; 1                ;
; state.b_stop0    ; 0           ; 0             ; 1             ; 0           ; 0        ; 0        ; 0        ; 0        ; 0        ; 0        ; 0        ; 0        ; 0           ; 0        ; 0        ; 0        ; 0        ; 0        ; 0        ; 0        ; 0        ; 0           ; 0        ; 0        ; 0        ; 0        ; 0        ; 0        ; 0        ; 0        ; 0           ; 1                ;
; state.b_stop1    ; 0           ; 1             ; 0             ; 0           ; 0        ; 0        ; 0        ; 0        ; 0        ; 0        ; 0        ; 0        ; 0           ; 0        ; 0        ; 0        ; 0        ; 0        ; 0        ; 0        ; 0        ; 0           ; 0        ; 0        ; 0        ; 0        ; 0        ; 0        ; 0        ; 0        ; 0           ; 1                ;
; state.b_end      ; 1           ; 0             ; 0             ; 0           ; 0        ; 0        ; 0        ; 0        ; 0        ; 0        ; 0        ; 0        ; 0           ; 0        ; 0        ; 0        ; 0        ; 0        ; 0        ; 0        ; 0        ; 0           ; 0        ; 0        ; 0        ; 0        ; 0        ; 0        ; 0        ; 0        ; 0           ; 1                ;
+------------------+-------------+---------------+---------------+-------------+----------+----------+----------+----------+----------+----------+----------+----------+-------------+----------+----------+----------+----------+----------+----------+----------+----------+-------------+----------+----------+----------+----------+----------+----------+----------+----------+-------------+------------------+


+------------------------------------------------------------------------------------------------------------------------------------------+
; Registers Removed During Synthesis                                                                                                       ;
+--------------------------------------------------------------------+---------------------------------------------------------------------+
; Register name                                                      ; Reason for Removal                                                  ;
+--------------------------------------------------------------------+---------------------------------------------------------------------+
; music_statemachine:msm|data_reader:dr|RData[15]                    ; Stuck at GND due to stuck port data_in                              ;
; music_statemachine:msm|data_reader:dr|LData[15]                    ; Stuck at GND due to stuck port data_in                              ;
; music_statemachine:msm|mus_RDATA[15]                               ; Stuck at GND due to stuck port data_in                              ;
; music_statemachine:msm|mus_LDATA[15]                               ; Stuck at GND due to stuck port data_in                              ;
; music_statemachine:msm|audio_interface:audint|LRDATA[15,31]        ; Stuck at GND due to stuck port data_in                              ;
; music_statemachine:msm|data_reader:dr|LData[0,2..14]               ; Merged with music_statemachine:msm|data_reader:dr|LData[1]          ;
; music_statemachine:msm|data_reader:dr|RData[0..14]                 ; Merged with music_statemachine:msm|data_reader:dr|LData[1]          ;
; music_statemachine:msm|audio_interface:audint|LRDATA[1..14,16..30] ; Merged with music_statemachine:msm|audio_interface:audint|LRDATA[0] ;
; music_statemachine:msm|mus_LDATA[1..14]                            ; Merged with music_statemachine:msm|mus_LDATA[0]                     ;
; music_statemachine:msm|mus_RDATA[0..14]                            ; Merged with music_statemachine:msm|mus_LDATA[0]                     ;
; music_statemachine:msm|current~2                                   ; Lost fanout                                                         ;
; music_statemachine:msm|current~3                                   ; Lost fanout                                                         ;
; music_statemachine:msm|current~4                                   ; Lost fanout                                                         ;
; music_statemachine:msm|current~5                                   ; Lost fanout                                                         ;
; music_statemachine:msm|current~6                                   ; Lost fanout                                                         ;
; music_statemachine:msm|data_reader:dr|out~5                        ; Lost fanout                                                         ;
; music_statemachine:msm|data_reader:dr|out~6                        ; Lost fanout                                                         ;
; music_statemachine:msm|data_reader:dr|out~7                        ; Lost fanout                                                         ;
; music_statemachine:msm|data_reader:dr|out~8                        ; Lost fanout                                                         ;
; music_statemachine:msm|data_reader:dr|out~9                        ; Lost fanout                                                         ;
; music_statemachine:msm|data_reader:dr|out~10                       ; Lost fanout                                                         ;
; music_statemachine:msm|data_reader:dr|out~11                       ; Lost fanout                                                         ;
; music_statemachine:msm|data_reader:dr|out~12                       ; Lost fanout                                                         ;
; music_statemachine:msm|data_reader:dr|out~13                       ; Lost fanout                                                         ;
; music_statemachine:msm|data_reader:dr|out~14                       ; Lost fanout                                                         ;
; music_statemachine:msm|data_reader:dr|out~15                       ; Lost fanout                                                         ;
; music_statemachine:msm|data_reader:dr|out~16                       ; Lost fanout                                                         ;
; music_statemachine:msm|data_reader:dr|out~17                       ; Lost fanout                                                         ;
; music_statemachine:msm|data_reader:dr|out~18                       ; Lost fanout                                                         ;
; music_statemachine:msm|data_reader:dr|out~19                       ; Lost fanout                                                         ;
; music_statemachine:msm|current.DONE                                ; Stuck at GND due to stuck port data_in                              ;
; music_statemachine:msm|data_reader:dr|out.0111111111111111         ; Merged with music_statemachine:msm|data_reader:dr|LData[1]          ;
; music_statemachine:msm|audio_interface:audint|Bcount[4]            ; Lost fanout                                                         ;
; Total Number of Removed Registers = 116                            ;                                                                     ;
+--------------------------------------------------------------------+---------------------------------------------------------------------+


+-----------------------------------------------------------------------------------------------------------------------------------------+
; Removed Registers Triggering Further Register Optimizations                                                                             ;
+-------------------------------------------------+---------------------------+-----------------------------------------------------------+
; Register name                                   ; Reason for Removal        ; Registers Removed due to This Register                    ;
+-------------------------------------------------+---------------------------+-----------------------------------------------------------+
; music_statemachine:msm|data_reader:dr|LData[15] ; Stuck at GND              ; music_statemachine:msm|mus_LDATA[15],                     ;
;                                                 ; due to stuck port data_in ; music_statemachine:msm|audio_interface:audint|LRDATA[31], ;
;                                                 ;                           ; music_statemachine:msm|audio_interface:audint|Bcount[4]   ;
; music_statemachine:msm|data_reader:dr|RData[15] ; Stuck at GND              ; music_statemachine:msm|mus_RDATA[15],                     ;
;                                                 ; due to stuck port data_in ; music_statemachine:msm|audio_interface:audint|LRDATA[15]  ;
+-------------------------------------------------+---------------------------+-----------------------------------------------------------+


+------------------------------------------------------+
; General Register Statistics                          ;
+----------------------------------------------+-------+
; Statistic                                    ; Value ;
+----------------------------------------------+-------+
; Total registers                              ; 88    ;
; Number of registers using Synchronous Clear  ; 23    ;
; Number of registers using Synchronous Load   ; 0     ;
; Number of registers using Asynchronous Clear ; 57    ;
; Number of registers using Asynchronous Load  ; 0     ;
; Number of registers using Clock Enable       ; 39    ;
; Number of registers using Preset             ; 0     ;
+----------------------------------------------+-------+


+-------------------------------------------------------------------+
; Inverted Register Statistics                                      ;
+---------------------------------------------------------+---------+
; Inverted Register                                       ; Fan out ;
+---------------------------------------------------------+---------+
; music_statemachine:msm|audio_interface:audint|Bcount[3] ; 2       ;
; music_statemachine:msm|audio_interface:audint|Bcount[2] ; 2       ;
; music_statemachine:msm|audio_interface:audint|Bcount[1] ; 2       ;
; music_statemachine:msm|audio_interface:audint|Bcount[0] ; 3       ;
; Total number of inverted registers = 4                  ;         ;
+---------------------------------------------------------+---------+


+---------------------------------------------------------------------------------------------------------------------------------------------------------------------------------+
; Multiplexer Restructuring Statistics (Restructuring Performed)                                                                                                                  ;
+--------------------+-----------+---------------+----------------------+------------------------+------------+-------------------------------------------------------------------+
; Multiplexer Inputs ; Bus Width ; Baseline Area ; Area if Restructured ; Saving if Restructured ; Registered ; Example Multiplexer Output                                        ;
+--------------------+-----------+---------------+----------------------+------------------------+------------+-------------------------------------------------------------------+
; 3:1                ; 4 bits    ; 8 LEs         ; 4 LEs                ; 4 LEs                  ; Yes        ; |toplevel|music_statemachine:msm|debug[1]                         ;
; 3:1                ; 5 bits    ; 10 LEs        ; 5 LEs                ; 5 LEs                  ; Yes        ; |toplevel|music_statemachine:msm|audio_interface:audint|Bcount[3] ;
; 7:1                ; 4 bits    ; 16 LEs        ; 12 LEs               ; 4 LEs                  ; No         ; |toplevel|music_statemachine:msm|current                          ;
+--------------------+-----------+---------------+----------------------+------------------------+------------+-------------------------------------------------------------------+


+-----------------------------------------------------------------------------------------------------------------------------------------------------------------------------------------------------------------+
; Port Connectivity Checks: "HexDriver:hex_inst_1"                                                                                                                                                                ;
+-----------+-------+----------+----------------------------------------------------------------------------------------------------------------------------------------------------------------------------------+
; Port      ; Type  ; Severity ; Details                                                                                                                                                                          ;
+-----------+-------+----------+----------------------------------------------------------------------------------------------------------------------------------------------------------------------------------+
; In0       ; Input ; Warning  ; Input port expression (8 bits) is wider than the input port (4 bits) it drives.  The 4 most-significant bit(s) in the expression will be dangling if they have no other fanouts. ;
; In0[3..0] ; Input ; Info     ; Stuck at GND                                                                                                                                                                     ;
+-----------+-------+----------+----------------------------------------------------------------------------------------------------------------------------------------------------------------------------------+


+------------------------------------------------------------------------------------------------------------------------------------------------------------------------------------------------------------+
; Port Connectivity Checks: "HexDriver:hex_inst_0"                                                                                                                                                           ;
+------+-------+----------+----------------------------------------------------------------------------------------------------------------------------------------------------------------------------------+
; Port ; Type  ; Severity ; Details                                                                                                                                                                          ;
+------+-------+----------+----------------------------------------------------------------------------------------------------------------------------------------------------------------------------------+
; In0  ; Input ; Warning  ; Input port expression (8 bits) is wider than the input port (4 bits) it drives.  The 4 most-significant bit(s) in the expression will be dangling if they have no other fanouts. ;
+------+-------+----------+----------------------------------------------------------------------------------------------------------------------------------------------------------------------------------+


+--------------------------------------------------------------------------------------------------------------------------------+
; Port Connectivity Checks: "music_statemachine:msm|data_reader:dr"                                                              ;
+----------------------+--------+----------+-------------------------------------------------------------------------------------+
; Port                 ; Type   ; Severity ; Details                                                                             ;
+----------------------+--------+----------+-------------------------------------------------------------------------------------+
; beats_per_50[16..15] ; Input  ; Info     ; Stuck at VCC                                                                        ;
; beats_per_50[13..11] ; Input  ; Info     ; Stuck at VCC                                                                        ;
; beats_per_50[9..5]   ; Input  ; Info     ; Stuck at VCC                                                                        ;
; beats_per_50[19..17] ; Input  ; Info     ; Stuck at GND                                                                        ;
; beats_per_50[4..3]   ; Input  ; Info     ; Stuck at GND                                                                        ;
; beats_per_50[1..0]   ; Input  ; Info     ; Stuck at GND                                                                        ;
; beats_per_50[14]     ; Input  ; Info     ; Stuck at GND                                                                        ;
; beats_per_50[10]     ; Input  ; Info     ; Stuck at GND                                                                        ;
; beats_per_50[2]      ; Input  ; Info     ; Stuck at VCC                                                                        ;
; tempo                ; Output ; Info     ; Connected to dangling logic. Logic that only feeds a dangling port will be removed. ;
+----------------------+--------+----------+-------------------------------------------------------------------------------------+


+--------------------------------------------------------------------------------------------------------------------+
; Port Connectivity Checks: "music_statemachine:msm|audio_interface:audint"                                          ;
+----------+--------+----------+-------------------------------------------------------------------------------------+
; Port     ; Type   ; Severity ; Details                                                                             ;
+----------+--------+----------+-------------------------------------------------------------------------------------+
; adc_full ; Output ; Info     ; Connected to dangling logic. Logic that only feeds a dangling port will be removed. ;
; adcdata  ; Output ; Info     ; Connected to dangling logic. Logic that only feeds a dangling port will be removed. ;
+----------+--------+----------+-------------------------------------------------------------------------------------+


+--------------------------------------------------------------------------------------------------------------------+
; Port Connectivity Checks: "music_statemachine:msm"                                                                 ;
+----------+--------+----------+-------------------------------------------------------------------------------------+
; Port     ; Type   ; Severity ; Details                                                                             ;
+----------+--------+----------+-------------------------------------------------------------------------------------+
; MUS_DONE ; Output ; Info     ; Connected to dangling logic. Logic that only feeds a dangling port will be removed. ;
+----------+--------+----------+-------------------------------------------------------------------------------------+


+-----------------------------------------------------+
; Post-Synthesis Netlist Statistics for Top Partition ;
+-----------------------+-----------------------------+
; Type                  ; Count                       ;
+-----------------------+-----------------------------+
; boundary_port         ; 27                          ;
; cycloneiii_ff         ; 88                          ;
;     CLR               ; 23                          ;
;     ENA               ; 2                           ;
;     ENA CLR           ; 34                          ;
;     ENA SCLR          ; 3                           ;
;     SCLR              ; 20                          ;
;     plain             ; 6                           ;
; cycloneiii_io_obuf    ; 1                           ;
; cycloneiii_lcell_comb ; 109                         ;
;     arith             ; 27                          ;
;         2 data inputs ; 26                          ;
;         3 data inputs ; 1                           ;
;     normal            ; 82                          ;
;         0 data inputs ; 2                           ;
;         1 data inputs ; 7                           ;
;         2 data inputs ; 12                          ;
;         3 data inputs ; 18                          ;
;         4 data inputs ; 43                          ;
;                       ;                             ;
; Max LUT depth         ; 4.00                        ;
; Average LUT depth     ; 2.09                        ;
+-----------------------+-----------------------------+


+-------------------------------+
; Elapsed Time Per Partition    ;
+----------------+--------------+
; Partition Name ; Elapsed Time ;
+----------------+--------------+
; Top            ; 00:00:01     ;
+----------------+--------------+


+-------------------------------+
; Analysis & Synthesis Messages ;
+-------------------------------+
Info: *******************************************************************
Info: Running Quartus Prime Analysis & Synthesis
    Info: Version 18.0.0 Build 614 04/24/2018 SJ Lite Edition
    Info: Processing started: Wed Apr 17 10:37:16 2019
Info: Command: quartus_map --read_settings_files=on --write_settings_files=off ECE385_FinalProj -c ECE385_FinalProj
Warning (18236): Number of processors has not been specified which may cause overloading on shared machines.  Set the global assignment NUM_PARALLEL_PROCESSORS in your QSF to an appropriate value for best performance.
Info (20030): Parallel compilation is enabled and will use 2 of the 2 processors detected
Info (12021): Found 1 design units, including 1 entities, in source file hexdriver.sv
    Info (12023): Found entity 1: HexDriver File: C:/intelFPGA_lite/18.0/ECE385_FinalProj/HexDriver.sv Line: 1
Info (12021): Found 1 design units, including 1 entities, in source file toplevel.sv
    Info (12023): Found entity 1: toplevel File: C:/intelFPGA_lite/18.0/ECE385_FinalProj/toplevel.sv Line: 11
Info (12021): Found 1 design units, including 1 entities, in source file music_statemachine.sv
    Info (12023): Found entity 1: music_statemachine File: C:/intelFPGA_lite/18.0/ECE385_FinalProj/music_statemachine.sv Line: 1
Info (12021): Found 1 design units, including 1 entities, in source file music_modules.sv
    Info (12023): Found entity 1: data_reader File: C:/intelFPGA_lite/18.0/ECE385_FinalProj/music_modules.sv Line: 1
Info (12021): Found 2 design units, including 1 entities, in source file audio_interface.vhd
    Info (12022): Found design unit 1: audio_interface-Behavorial File: C:/intelFPGA_lite/18.0/ECE385_FinalProj/audio_interface.vhd Line: 40
    Info (12023): Found entity 1: audio_interface File: C:/intelFPGA_lite/18.0/ECE385_FinalProj/audio_interface.vhd Line: 21
Info (12021): Found 1 design units, including 1 entities, in source file testbench.sv
    Info (12023): Found entity 1: testbench File: C:/intelFPGA_lite/18.0/ECE385_FinalProj/testbench.sv Line: 1
Info (15248): File "C:/intelFPGA_lite/18.0/ECE385_FinalProj/output_files/HexDriver.sv" is a duplicate of already analyzed file "C:/intelFPGA_lite/18.0/ECE385_FinalProj/HexDriver.sv" (same filename, same library name and same md5 digest). Skipping analysis of this file.
Info (12021): Found 0 design units, including 0 entities, in source file output_files/hexdriver.sv
Warning (10236): Verilog HDL Implicit Net warning at toplevel.sv(125): created implicit net for "MUS_DONE" File: C:/intelFPGA_lite/18.0/ECE385_FinalProj/toplevel.sv Line: 125
Info (12127): Elaborating entity "toplevel" for the top level hierarchy
Info (12128): Elaborating entity "music_statemachine" for hierarchy "music_statemachine:msm" File: C:/intelFPGA_lite/18.0/ECE385_FinalProj/toplevel.sv Line: 129
Info (12128): Elaborating entity "audio_interface" for hierarchy "music_statemachine:msm|audio_interface:audint" File: C:/intelFPGA_lite/18.0/ECE385_FinalProj/music_statemachine.sv Line: 40
Info (12128): Elaborating entity "data_reader" for hierarchy "music_statemachine:msm|data_reader:dr" File: C:/intelFPGA_lite/18.0/ECE385_FinalProj/music_statemachine.sv Line: 53
Warning (10230): Verilog HDL assignment warning at music_modules.sv(33): truncated value with size 32 to match size of target (17) File: C:/intelFPGA_lite/18.0/ECE385_FinalProj/music_modules.sv Line: 33
Info (12128): Elaborating entity "HexDriver" for hierarchy "HexDriver:hex_inst_0" File: C:/intelFPGA_lite/18.0/ECE385_FinalProj/toplevel.sv Line: 131
Warning (12241): 2 hierarchies have connectivity warnings - see the Connectivity Checks report folder
Warning (13024): Output pins are stuck at VCC or GND
    Warning (13410): Pin "HEX1[0]" is stuck at GND File: C:/intelFPGA_lite/18.0/ECE385_FinalProj/toplevel.sv Line: 14
    Warning (13410): Pin "HEX1[1]" is stuck at GND File: C:/intelFPGA_lite/18.0/ECE385_FinalProj/toplevel.sv Line: 14
    Warning (13410): Pin "HEX1[2]" is stuck at GND File: C:/intelFPGA_lite/18.0/ECE385_FinalProj/toplevel.sv Line: 14
    Warning (13410): Pin "HEX1[3]" is stuck at GND File: C:/intelFPGA_lite/18.0/ECE385_FinalProj/toplevel.sv Line: 14
    Warning (13410): Pin "HEX1[4]" is stuck at GND File: C:/intelFPGA_lite/18.0/ECE385_FinalProj/toplevel.sv Line: 14
    Warning (13410): Pin "HEX1[5]" is stuck at GND File: C:/intelFPGA_lite/18.0/ECE385_FinalProj/toplevel.sv Line: 14
    Warning (13410): Pin "HEX1[6]" is stuck at VCC File: C:/intelFPGA_lite/18.0/ECE385_FinalProj/toplevel.sv Line: 14
Info (286030): Timing-Driven Synthesis is running
Critical Warning (18061): Ignored Power-Up Level option on the following registers
    Critical Warning (18010): Register music_statemachine:msm|audio_interface:audint|Bcount[3] will power up to High File: C:/intelFPGA_lite/18.0/ECE385_FinalProj/audio_interface.vhd Line: 102
    Critical Warning (18010): Register music_statemachine:msm|audio_interface:audint|Bcount[2] will power up to High File: C:/intelFPGA_lite/18.0/ECE385_FinalProj/audio_interface.vhd Line: 102
    Critical Warning (18010): Register music_statemachine:msm|audio_interface:audint|Bcount[1] will power up to High File: C:/intelFPGA_lite/18.0/ECE385_FinalProj/audio_interface.vhd Line: 102
    Critical Warning (18010): Register music_statemachine:msm|audio_interface:audint|Bcount[0] will power up to High File: C:/intelFPGA_lite/18.0/ECE385_FinalProj/audio_interface.vhd Line: 102
Info (17049): 21 registers lost all their fanouts during netlist optimizations.
Info (144001): Generated suppressed messages file C:/intelFPGA_lite/18.0/ECE385_FinalProj/output_files/ECE385_FinalProj.map.smsg
Info (16010): Generating hard_block partition "hard_block:auto_generated_inst"
    Info (16011): Adding 0 node(s), including 0 DDIO, 0 PLL, 0 transceiver and 0 LCELL
Warning (21074): Design contains 5 input pin(s) that do not drive logic
    Warning (15610): No output dependent on input pin "KEY[1]" File: C:/intelFPGA_lite/18.0/ECE385_FinalProj/toplevel.sv Line: 13
    Warning (15610): No output dependent on input pin "KEY[2]" File: C:/intelFPGA_lite/18.0/ECE385_FinalProj/toplevel.sv Line: 13
    Warning (15610): No output dependent on input pin "KEY[3]" File: C:/intelFPGA_lite/18.0/ECE385_FinalProj/toplevel.sv Line: 13
    Warning (15610): No output dependent on input pin "AUD_ADCDAT" File: C:/intelFPGA_lite/18.0/ECE385_FinalProj/toplevel.sv Line: 16
    Warning (15610): No output dependent on input pin "AUD_ADCLRCK" File: C:/intelFPGA_lite/18.0/ECE385_FinalProj/toplevel.sv Line: 16
Info (21057): Implemented 168 device resources after synthesis - the final resource count might be different
    Info (21058): Implemented 9 input pins
    Info (21059): Implemented 18 output pins
    Info (21061): Implemented 141 logic cells
Info: Quartus Prime Analysis & Synthesis was successful. 0 errors, 23 warnings
    Info: Peak virtual memory: 4796 megabytes
    Info: Processing ended: Wed Apr 17 10:37:40 2019
    Info: Elapsed time: 00:00:24
    Info: Total CPU time (on all processors): 00:00:51


+------------------------------------------+
; Analysis & Synthesis Suppressed Messages ;
+------------------------------------------+
The suppressed messages can be found in C:/intelFPGA_lite/18.0/ECE385_FinalProj/output_files/ECE385_FinalProj.map.smsg.


